<?xml version="1.0" encoding="UTF-8"?>
<!-- Generated by org.testng.reporters.JUnitReportReporter -->
<testsuite hostname="SRINIVAS-PC" name="com.relevance.lab.My_Frst_Maven.AppTest" tests="1" failures="0" timestamp="23 Dec 2013 10:22:40 GMT" time="0.004" errors="0">
  <testcase name="testApp" time="0.004" classname="com.relevance.lab.My_Frst_Maven.AppTest"/>
</testsuite>
