<?xml version="1.0" encoding="UTF-8"?>
<!-- Generated by org.testng.reporters.JUnitReportReporter -->
<testsuite hostname="SRINIVAS-PC" name="com.rl.test.selenium.JCatalogTest" tests="10" failures="0" timestamp="12 Dec 2013 11:20:38 GMT" time="2.995" errors="0">
  <testcase name="TestproductList" time="0.035" classname="com.rl.test.selenium.JCatalogTest"/>
  <testcase name="Testcategorytwo" time="0.186" classname="com.rl.test.selenium.JCatalogTest"/>
  <testcase name="TestloginFailed" time="0.126" classname="com.rl.test.selenium.JCatalogTest"/>
  <testcase name="Testlogout" time="0.034" classname="com.rl.test.selenium.JCatalogTest"/>
  <testcase name="Testcategoryfour" time="0.099" classname="com.rl.test.selenium.JCatalogTest"/>
  <testcase name="Testcontactus" time="0.105" classname="com.rl.test.selenium.JCatalogTest"/>
  <testcase name="Testlogin" time="2.138" classname="com.rl.test.selenium.JCatalogTest"/>
  <testcase name="TestcategoryOne" time="0.104" classname="com.rl.test.selenium.JCatalogTest"/>
  <testcase name="Testcategorythree" time="0.063" classname="com.rl.test.selenium.JCatalogTest"/>
  <testcase name="Testplaceorder" time="0.105" classname="com.rl.test.selenium.JCatalogTest"/>
</testsuite> <!-- com.rl.test.selenium.JCatalogTest -->
